d:\proceduralmethods\cmp301_coursework-tedishopov\coursework\coursework\deploy\vc143.pdb
d:\proceduralmethods\cmp301_coursework-tedishopov\coursework\coursework\deploy\vc143.idb
d:\proceduralmethods\cmp301_coursework-tedishopov\coursework\coursework\deploy\serializablemesh.obj
d:\proceduralmethods\cmp301_coursework-tedishopov\coursework\coursework\deploy\scenejsonserializer.obj
d:\proceduralmethods\cmp301_coursework-tedishopov\coursework\coursework\deploy\observer.obj
d:\proceduralmethods\cmp301_coursework-tedishopov\coursework\coursework\deploy\meshinstance.obj
d:\proceduralmethods\cmp301_coursework-tedishopov\coursework\coursework\deploy\main.obj
d:\proceduralmethods\cmp301_coursework-tedishopov\coursework\coursework\deploy\lightmaterialshader.obj
d:\proceduralmethods\cmp301_coursework-tedishopov\coursework\coursework\deploy\baseeditorui.obj
d:\proceduralmethods\cmp301_coursework-tedishopov\coursework\coursework\deploy\attenuationlight.obj
d:\proceduralmethods\cmp301_coursework-tedishopov\coursework\coursework\deploy\scene.obj
d:\proceduralmethods\cmp301_coursework-tedishopov\coursework\coursework\deploy\renderitem.obj
d:\proceduralmethods\cmp301_coursework-tedishopov\coursework\coursework\deploy\postprocesspasschain.obj
d:\proceduralmethods\cmp301_coursework-tedishopov\coursework\coursework\deploy\normalmapshader.obj
d:\proceduralmethods\cmp301_coursework-tedishopov\coursework\coursework\deploy\magnifypixelshader.obj
d:\proceduralmethods\cmp301_coursework-tedishopov\coursework\coursework\deploy\lighteditorui.obj
d:\proceduralmethods\cmp301_coursework-tedishopov\coursework\coursework\deploy\horizontalblur.obj
d:\proceduralmethods\cmp301_coursework-tedishopov\coursework\coursework\deploy\displacementshader.obj
d:\proceduralmethods\cmp301_coursework-tedishopov\coursework\coursework\deploy\cascadedshadowmaps.obj
d:\proceduralmethods\cmp301_coursework-tedishopov\coursework\coursework\deploy\buoyancycomputeshader.obj
d:\proceduralmethods\cmp301_coursework-tedishopov\coursework\coursework\deploy\activeinstanceselectorui.obj
d:\proceduralmethods\cmp301_coursework-tedishopov\coursework\coursework\deploy\json.obj
d:\proceduralmethods\cmp301_coursework-tedishopov\coursework\coursework\deploy\waveshader.obj
d:\proceduralmethods\cmp301_coursework-tedishopov\coursework\coursework\deploy\verticalblur.obj
d:\proceduralmethods\cmp301_coursework-tedishopov\coursework\coursework\deploy\underwatereffectshader.obj
d:\proceduralmethods\cmp301_coursework-tedishopov\coursework\coursework\deploy\transformlight.obj
d:\proceduralmethods\cmp301_coursework-tedishopov\coursework\coursework\deploy\transformeditorui.obj
d:\proceduralmethods\cmp301_coursework-tedishopov\coursework\coursework\deploy\transform.obj
d:\proceduralmethods\cmp301_coursework-tedishopov\coursework\coursework\deploy\textureshader.obj
d:\proceduralmethods\cmp301_coursework-tedishopov\coursework\coursework\deploy\testingscene.obj
d:\proceduralmethods\cmp301_coursework-tedishopov\coursework\coursework\deploy\tessellationshader.obj
d:\proceduralmethods\cmp301_coursework-tedishopov\coursework\coursework\deploy\tessellationquad.obj
d:\proceduralmethods\cmp301_coursework-tedishopov\coursework\coursework\deploy\tesselatedgerstnerwaveshader.obj
d:\proceduralmethods\cmp301_coursework-tedishopov\coursework\coursework\deploy\tangentmesh.obj
d:\proceduralmethods\cmp301_coursework-tedishopov\coursework\coursework\deploy\subject.obj
d:\proceduralmethods\cmp301_coursework-tedishopov\coursework\coursework\deploy\skymapshader.obj
d:\proceduralmethods\cmp301_coursework-tedishopov\coursework\coursework\deploy\defaultshader.obj
d:\proceduralmethods\cmp301_coursework-tedishopov\coursework\coursework\deploy\shaderparameter.obj
d:\proceduralmethods\cmp301_coursework-tedishopov\coursework\coursework\basetexturepixelshader.cso
d:\proceduralmethods\cmp301_coursework-tedishopov\coursework\coursework\buoyancycomputeshader.cso
d:\proceduralmethods\cmp301_coursework-tedishopov\coursework\coursework\gerstenvertexshader.cso
d:\proceduralmethods\cmp301_coursework-tedishopov\coursework\coursework\gerstnerwavesdomainshader.cso
d:\proceduralmethods\cmp301_coursework-tedishopov\coursework\coursework\horizontalblurpixelshader.cso
d:\proceduralmethods\cmp301_coursework-tedishopov\coursework\coursework\magnifypixelshader.cso
d:\proceduralmethods\cmp301_coursework-tedishopov\coursework\coursework\normalmapvertexshader.cso
d:\proceduralmethods\cmp301_coursework-tedishopov\coursework\coursework\normalmapshader.cso
d:\proceduralmethods\cmp301_coursework-tedishopov\coursework\coursework\shadowpixelshader.cso
d:\proceduralmethods\cmp301_coursework-tedishopov\coursework\coursework\shadowvertexshader.cso
d:\proceduralmethods\cmp301_coursework-tedishopov\coursework\coursework\skymappixelshader.cso
d:\proceduralmethods\cmp301_coursework-tedishopov\coursework\coursework\skymapvertexshader.cso
d:\proceduralmethods\cmp301_coursework-tedishopov\coursework\coursework\tessellationquaddomainshadertwo.cso
d:\proceduralmethods\cmp301_coursework-tedishopov\coursework\coursework\tessellationquadhullshader.cso
d:\proceduralmethods\cmp301_coursework-tedishopov\coursework\coursework\tessellationvertexshader.cso
d:\proceduralmethods\cmp301_coursework-tedishopov\coursework\coursework\minimaptexturepixelshader.cso
d:\proceduralmethods\cmp301_coursework-tedishopov\coursework\coursework\basetexturevertexshader.cso
d:\proceduralmethods\cmp301_coursework-tedishopov\coursework\coursework\underwatereffectpixelshader.cso
d:\proceduralmethods\cmp301_coursework-tedishopov\coursework\coursework\verticalblurpixelshader.cso
d:\proceduralmethods\cmp301_coursework-tedishopov\coursework\coursework\deploy\coursework.res
d:\proceduralmethods\cmp301_coursework-tedishopov\coursework\deploy\coursework.pdb
d:\proceduralmethods\cmp301_coursework-tedishopov\coursework\coursework\deploy\coursework.tlog\cl.command.1.tlog
d:\proceduralmethods\cmp301_coursework-tedishopov\coursework\coursework\deploy\coursework.tlog\cl.read.1.tlog
d:\proceduralmethods\cmp301_coursework-tedishopov\coursework\coursework\deploy\coursework.tlog\cl.write.1.tlog
d:\proceduralmethods\cmp301_coursework-tedishopov\coursework\coursework\deploy\coursework.tlog\fxc.command.1.tlog
d:\proceduralmethods\cmp301_coursework-tedishopov\coursework\coursework\deploy\coursework.tlog\fxc.read.1.tlog
d:\proceduralmethods\cmp301_coursework-tedishopov\coursework\coursework\deploy\coursework.tlog\fxc.write.1.tlog
d:\proceduralmethods\cmp301_coursework-tedishopov\coursework\coursework\deploy\coursework.tlog\link-cvtres.read.1.tlog
d:\proceduralmethods\cmp301_coursework-tedishopov\coursework\coursework\deploy\coursework.tlog\link-cvtres.write.1.tlog
d:\proceduralmethods\cmp301_coursework-tedishopov\coursework\coursework\deploy\coursework.tlog\link-rc.read.1.tlog
d:\proceduralmethods\cmp301_coursework-tedishopov\coursework\coursework\deploy\coursework.tlog\link-rc.write.1.tlog
d:\proceduralmethods\cmp301_coursework-tedishopov\coursework\coursework\deploy\coursework.tlog\link.command.1.tlog
d:\proceduralmethods\cmp301_coursework-tedishopov\coursework\coursework\deploy\coursework.tlog\link.read.1.tlog
d:\proceduralmethods\cmp301_coursework-tedishopov\coursework\coursework\deploy\coursework.tlog\link.write.1.tlog
d:\proceduralmethods\cmp301_coursework-tedishopov\coursework\coursework\deploy\coursework.tlog\rc.command.1.tlog
d:\proceduralmethods\cmp301_coursework-tedishopov\coursework\coursework\deploy\coursework.tlog\rc.read.1.tlog
d:\proceduralmethods\cmp301_coursework-tedishopov\coursework\coursework\deploy\coursework.tlog\rc.write.1.tlog
